  main.c
C:\Users\Owner\Desktop\Github\CS121\Jake Darrow\Quizzes Jake.Darrow\Quiz7 Jake.Darrow\main.c(48,2): error C2143: syntax error: missing ';' before '{'
C:\Users\Owner\Desktop\Github\CS121\Jake Darrow\Quizzes Jake.Darrow\Quiz7 Jake.Darrow\main.c(30): fatal error C1075: '{': no matching token found
